[INFO  - 2017-11-04T09:16:50.312Z] GhostDriver - Main - running on port 64152
[INFO  - 2017-11-04T09:16:53.165Z] Session [e58cd810-c140-11e7-8e5a-7f70ff07f91f] - page.settings - {"XSSAuditingEnabled":false,"javascriptCanCloseWindows":true,"javascriptCanOpenWindows":true,"javascriptEnabled":true,"loadImages":false,"localToRemoteUrlAccessEnabled":false,"userAgent":"Mozilla/5.0 (Windows NT 6.2; WOW64) AppleWebKit/538.1 (KHTML, like Gecko) PhantomJS/2.1.1 Safari/538.1","webSecurityEnabled":true}
[INFO  - 2017-11-04T09:16:53.165Z] Session [e58cd810-c140-11e7-8e5a-7f70ff07f91f] - page.customHeaders:  - {}
[INFO  - 2017-11-04T09:16:53.165Z] Session [e58cd810-c140-11e7-8e5a-7f70ff07f91f] - Session.negotiatedCapabilities - {"browserName":"phantomjs","version":"2.1.1","driverName":"ghostdriver","driverVersion":"1.2.0","platform":"windows-10-32bit","javascriptEnabled":true,"takesScreenshot":true,"handlesAlerts":false,"databaseEnabled":false,"locationContextEnabled":false,"applicationCacheEnabled":false,"browserConnectionEnabled":false,"cssSelectorsEnabled":true,"webStorageEnabled":false,"rotatable":false,"acceptSslCerts":false,"nativeEvents":true,"proxy":{"proxyType":"direct"}}
[INFO  - 2017-11-04T09:16:53.165Z] SessionManagerReqHand - _postNewSessionCommand - New Session Created: e58cd810-c140-11e7-8e5a-7f70ff07f91f
[ERROR - 2017-11-04T09:16:56.979Z] Session [e58cd810-c140-11e7-8e5a-7f70ff07f91f] - page.onError - msg: kg/sidebar-plug-pagenav/0.2.2/index is not loaded! can not find module in path : https://g.alicdn.com/kg/??sidebar-plug-pagenav/0.2.2/index-min.js,sidebar-plug-myasset/0.0.6/index-min.js,sidebar-plug-my1111/0.2.0/index-min.js,sidebar-plug-cart/0.2.0/index-min.js,sidebar-plug-history/0.2.0/index-min.js,sidebar-plug-help/0.2.1/index-min.js,sidebar-plug-gotop/0.2.5/index-min.js

  phantomjs://platform/console++.js:263 in error
[ERROR - 2017-11-04T09:16:56.980Z] Session [e58cd810-c140-11e7-8e5a-7f70ff07f91f] - page.onError - stack:
  (anonymous function) (https://g.alicdn.com/??kissy/k/6.2.4/seed-min.js,kg/global-util/1.0.5/index-min.js,tb/tracker/4.2.1/p/index/index.js,kg/tb-nav/2.5.1/index-min.js,secdev/sufei_data/3.0.8/index.js:5)

  phantomjs://platform/console++.js:263 in error
[ERROR - 2017-11-04T09:16:56.981Z] Session [e58cd810-c140-11e7-8e5a-7f70ff07f91f] - page.onError - msg: kg/sidebar-plug-myasset/0.0.6/index is not loaded! can not find module in path : https://g.alicdn.com/kg/??sidebar-plug-pagenav/0.2.2/index-min.js,sidebar-plug-myasset/0.0.6/index-min.js,sidebar-plug-my1111/0.2.0/index-min.js,sidebar-plug-cart/0.2.0/index-min.js,sidebar-plug-history/0.2.0/index-min.js,sidebar-plug-help/0.2.1/index-min.js,sidebar-plug-gotop/0.2.5/index-min.js

  phantomjs://platform/console++.js:263 in error
[ERROR - 2017-11-04T09:16:56.981Z] Session [e58cd810-c140-11e7-8e5a-7f70ff07f91f] - page.onError - stack:
  (anonymous function) (https://g.alicdn.com/??kissy/k/6.2.4/seed-min.js,kg/global-util/1.0.5/index-min.js,tb/tracker/4.2.1/p/index/index.js,kg/tb-nav/2.5.1/index-min.js,secdev/sufei_data/3.0.8/index.js:5)

  phantomjs://platform/console++.js:263 in error
[ERROR - 2017-11-04T09:16:56.981Z] Session [e58cd810-c140-11e7-8e5a-7f70ff07f91f] - page.onError - msg: kg/sidebar-plug-my1111/0.2.0/index is not loaded! can not find module in path : https://g.alicdn.com/kg/??sidebar-plug-pagenav/0.2.2/index-min.js,sidebar-plug-myasset/0.0.6/index-min.js,sidebar-plug-my1111/0.2.0/index-min.js,sidebar-plug-cart/0.2.0/index-min.js,sidebar-plug-history/0.2.0/index-min.js,sidebar-plug-help/0.2.1/index-min.js,sidebar-plug-gotop/0.2.5/index-min.js

  phantomjs://platform/console++.js:263 in error
[ERROR - 2017-11-04T09:16:56.982Z] Session [e58cd810-c140-11e7-8e5a-7f70ff07f91f] - page.onError - stack:
  (anonymous function) (https://g.alicdn.com/??kissy/k/6.2.4/seed-min.js,kg/global-util/1.0.5/index-min.js,tb/tracker/4.2.1/p/index/index.js,kg/tb-nav/2.5.1/index-min.js,secdev/sufei_data/3.0.8/index.js:5)

  phantomjs://platform/console++.js:263 in error
[ERROR - 2017-11-04T09:16:56.982Z] Session [e58cd810-c140-11e7-8e5a-7f70ff07f91f] - page.onError - msg: kg/sidebar-plug-cart/0.2.0/index is not loaded! can not find module in path : https://g.alicdn.com/kg/??sidebar-plug-pagenav/0.2.2/index-min.js,sidebar-plug-myasset/0.0.6/index-min.js,sidebar-plug-my1111/0.2.0/index-min.js,sidebar-plug-cart/0.2.0/index-min.js,sidebar-plug-history/0.2.0/index-min.js,sidebar-plug-help/0.2.1/index-min.js,sidebar-plug-gotop/0.2.5/index-min.js

  phantomjs://platform/console++.js:263 in error
[ERROR - 2017-11-04T09:16:56.982Z] Session [e58cd810-c140-11e7-8e5a-7f70ff07f91f] - page.onError - stack:
  (anonymous function) (https://g.alicdn.com/??kissy/k/6.2.4/seed-min.js,kg/global-util/1.0.5/index-min.js,tb/tracker/4.2.1/p/index/index.js,kg/tb-nav/2.5.1/index-min.js,secdev/sufei_data/3.0.8/index.js:5)

  phantomjs://platform/console++.js:263 in error
[ERROR - 2017-11-04T09:16:56.982Z] Session [e58cd810-c140-11e7-8e5a-7f70ff07f91f] - page.onError - msg: kg/sidebar-plug-history/0.2.0/index is not loaded! can not find module in path : https://g.alicdn.com/kg/??sidebar-plug-pagenav/0.2.2/index-min.js,sidebar-plug-myasset/0.0.6/index-min.js,sidebar-plug-my1111/0.2.0/index-min.js,sidebar-plug-cart/0.2.0/index-min.js,sidebar-plug-history/0.2.0/index-min.js,sidebar-plug-help/0.2.1/index-min.js,sidebar-plug-gotop/0.2.5/index-min.js

  phantomjs://platform/console++.js:263 in error
[ERROR - 2017-11-04T09:16:56.983Z] Session [e58cd810-c140-11e7-8e5a-7f70ff07f91f] - page.onError - stack:
  (anonymous function) (https://g.alicdn.com/??kissy/k/6.2.4/seed-min.js,kg/global-util/1.0.5/index-min.js,tb/tracker/4.2.1/p/index/index.js,kg/tb-nav/2.5.1/index-min.js,secdev/sufei_data/3.0.8/index.js:5)

  phantomjs://platform/console++.js:263 in error
[ERROR - 2017-11-04T09:16:56.983Z] Session [e58cd810-c140-11e7-8e5a-7f70ff07f91f] - page.onError - msg: kg/sidebar-plug-help/0.2.1/index is not loaded! can not find module in path : https://g.alicdn.com/kg/??sidebar-plug-pagenav/0.2.2/index-min.js,sidebar-plug-myasset/0.0.6/index-min.js,sidebar-plug-my1111/0.2.0/index-min.js,sidebar-plug-cart/0.2.0/index-min.js,sidebar-plug-history/0.2.0/index-min.js,sidebar-plug-help/0.2.1/index-min.js,sidebar-plug-gotop/0.2.5/index-min.js

  phantomjs://platform/console++.js:263 in error
[ERROR - 2017-11-04T09:16:56.983Z] Session [e58cd810-c140-11e7-8e5a-7f70ff07f91f] - page.onError - stack:
  (anonymous function) (https://g.alicdn.com/??kissy/k/6.2.4/seed-min.js,kg/global-util/1.0.5/index-min.js,tb/tracker/4.2.1/p/index/index.js,kg/tb-nav/2.5.1/index-min.js,secdev/sufei_data/3.0.8/index.js:5)

  phantomjs://platform/console++.js:263 in error
[ERROR - 2017-11-04T09:16:56.983Z] Session [e58cd810-c140-11e7-8e5a-7f70ff07f91f] - page.onError - msg: kg/sidebar-plug-gotop/0.2.5/index is not loaded! can not find module in path : https://g.alicdn.com/kg/??sidebar-plug-pagenav/0.2.2/index-min.js,sidebar-plug-myasset/0.0.6/index-min.js,sidebar-plug-my1111/0.2.0/index-min.js,sidebar-plug-cart/0.2.0/index-min.js,sidebar-plug-history/0.2.0/index-min.js,sidebar-plug-help/0.2.1/index-min.js,sidebar-plug-gotop/0.2.5/index-min.js

  phantomjs://platform/console++.js:263 in error
[ERROR - 2017-11-04T09:16:56.983Z] Session [e58cd810-c140-11e7-8e5a-7f70ff07f91f] - page.onError - stack:
  (anonymous function) (https://g.alicdn.com/??kissy/k/6.2.4/seed-min.js,kg/global-util/1.0.5/index-min.js,tb/tracker/4.2.1/p/index/index.js,kg/tb-nav/2.5.1/index-min.js,secdev/sufei_data/3.0.8/index.js:5)

  phantomjs://platform/console++.js:263 in error
[ERROR - 2017-11-04T09:16:56.984Z] Session [e58cd810-c140-11e7-8e5a-7f70ff07f91f] - page.onError - msg: kg/combobox/6.2.7/index is not loaded! can not find module in path : https://g.alicdn.com/kg/??combobox/6.2.7/index-min.js,search-suggest/6.3.1/mods/local-query-min.js,search-suggest/6.3.1/mods/menu-min.js,search-suggest/6.3.1/tpl/cloud-min.js,search-suggest/6.3.1/mods/bts-min.js,uploader/6.2.13/index-min.js,uploader/6.2.13/plugins/auth/auth-min.js,uploader/6.2.13/plugins/filedrop/filedrop-min.js,search-suggest/6.3.1/mods/stat-min.js,uploader/6.2.13/theme-min.js

  phantomjs://platform/console++.js:263 in error
[ERROR - 2017-11-04T09:16:56.984Z] Session [e58cd810-c140-11e7-8e5a-7f70ff07f91f] - page.onError - stack:
  (anonymous function) (https://g.alicdn.com/??kissy/k/6.2.4/seed-min.js,kg/global-util/1.0.5/index-min.js,tb/tracker/4.2.1/p/index/index.js,kg/tb-nav/2.5.1/index-min.js,secdev/sufei_data/3.0.8/index.js:5)

  phantomjs://platform/console++.js:263 in error
[ERROR - 2017-11-04T09:16:56.985Z] Session [e58cd810-c140-11e7-8e5a-7f70ff07f91f] - page.onError - msg: kg/search-suggest/6.3.1/mods/local-query is not loaded! can not find module in path : https://g.alicdn.com/kg/??combobox/6.2.7/index-min.js,search-suggest/6.3.1/mods/local-query-min.js,search-suggest/6.3.1/mods/menu-min.js,search-suggest/6.3.1/tpl/cloud-min.js,search-suggest/6.3.1/mods/bts-min.js,uploader/6.2.13/index-min.js,uploader/6.2.13/plugins/auth/auth-min.js,uploader/6.2.13/plugins/filedrop/filedrop-min.js,search-suggest/6.3.1/mods/stat-min.js,uploader/6.2.13/theme-min.js

  phantomjs://platform/console++.js:263 in error
[ERROR - 2017-11-04T09:16:56.985Z] Session [e58cd810-c140-11e7-8e5a-7f70ff07f91f] - page.onError - stack:
  (anonymous function) (https://g.alicdn.com/??kissy/k/6.2.4/seed-min.js,kg/global-util/1.0.5/index-min.js,tb/tracker/4.2.1/p/index/index.js,kg/tb-nav/2.5.1/index-min.js,secdev/sufei_data/3.0.8/index.js:5)

  phantomjs://platform/console++.js:263 in error
[ERROR - 2017-11-04T09:16:56.985Z] Session [e58cd810-c140-11e7-8e5a-7f70ff07f91f] - page.onError - msg: kg/search-suggest/6.3.1/mods/menu is not loaded! can not find module in path : https://g.alicdn.com/kg/??combobox/6.2.7/index-min.js,search-suggest/6.3.1/mods/local-query-min.js,search-suggest/6.3.1/mods/menu-min.js,search-suggest/6.3.1/tpl/cloud-min.js,search-suggest/6.3.1/mods/bts-min.js,uploader/6.2.13/index-min.js,uploader/6.2.13/plugins/auth/auth-min.js,uploader/6.2.13/plugins/filedrop/filedrop-min.js,search-suggest/6.3.1/mods/stat-min.js,uploader/6.2.13/theme-min.js

  phantomjs://platform/console++.js:263 in error
[ERROR - 2017-11-04T09:16:56.985Z] Session [e58cd810-c140-11e7-8e5a-7f70ff07f91f] - page.onError - stack:
  (anonymous function) (https://g.alicdn.com/??kissy/k/6.2.4/seed-min.js,kg/global-util/1.0.5/index-min.js,tb/tracker/4.2.1/p/index/index.js,kg/tb-nav/2.5.1/index-min.js,secdev/sufei_data/3.0.8/index.js:5)

  phantomjs://platform/console++.js:263 in error
[ERROR - 2017-11-04T09:16:56.986Z] Session [e58cd810-c140-11e7-8e5a-7f70ff07f91f] - page.onError - msg: kg/search-suggest/6.3.1/tpl/cloud is not loaded! can not find module in path : https://g.alicdn.com/kg/??combobox/6.2.7/index-min.js,search-suggest/6.3.1/mods/local-query-min.js,search-suggest/6.3.1/mods/menu-min.js,search-suggest/6.3.1/tpl/cloud-min.js,search-suggest/6.3.1/mods/bts-min.js,uploader/6.2.13/index-min.js,uploader/6.2.13/plugins/auth/auth-min.js,uploader/6.2.13/plugins/filedrop/filedrop-min.js,search-suggest/6.3.1/mods/stat-min.js,uploader/6.2.13/theme-min.js

  phantomjs://platform/console++.js:263 in error
[ERROR - 2017-11-04T09:16:56.986Z] Session [e58cd810-c140-11e7-8e5a-7f70ff07f91f] - page.onError - stack:
  (anonymous function) (https://g.alicdn.com/??kissy/k/6.2.4/seed-min.js,kg/global-util/1.0.5/index-min.js,tb/tracker/4.2.1/p/index/index.js,kg/tb-nav/2.5.1/index-min.js,secdev/sufei_data/3.0.8/index.js:5)

  phantomjs://platform/console++.js:263 in error
[ERROR - 2017-11-04T09:16:56.986Z] Session [e58cd810-c140-11e7-8e5a-7f70ff07f91f] - page.onError - msg: kg/search-suggest/6.3.1/mods/bts is not loaded! can not find module in path : https://g.alicdn.com/kg/??combobox/6.2.7/index-min.js,search-suggest/6.3.1/mods/local-query-min.js,search-suggest/6.3.1/mods/menu-min.js,search-suggest/6.3.1/tpl/cloud-min.js,search-suggest/6.3.1/mods/bts-min.js,uploader/6.2.13/index-min.js,uploader/6.2.13/plugins/auth/auth-min.js,uploader/6.2.13/plugins/filedrop/filedrop-min.js,search-suggest/6.3.1/mods/stat-min.js,uploader/6.2.13/theme-min.js

  phantomjs://platform/console++.js:263 in error
[ERROR - 2017-11-04T09:16:56.986Z] Session [e58cd810-c140-11e7-8e5a-7f70ff07f91f] - page.onError - stack:
  (anonymous function) (https://g.alicdn.com/??kissy/k/6.2.4/seed-min.js,kg/global-util/1.0.5/index-min.js,tb/tracker/4.2.1/p/index/index.js,kg/tb-nav/2.5.1/index-min.js,secdev/sufei_data/3.0.8/index.js:5)

  phantomjs://platform/console++.js:263 in error
[ERROR - 2017-11-04T09:16:56.986Z] Session [e58cd810-c140-11e7-8e5a-7f70ff07f91f] - page.onError - msg: kg/uploader/6.2.13/index is not loaded! can not find module in path : https://g.alicdn.com/kg/??combobox/6.2.7/index-min.js,search-suggest/6.3.1/mods/local-query-min.js,search-suggest/6.3.1/mods/menu-min.js,search-suggest/6.3.1/tpl/cloud-min.js,search-suggest/6.3.1/mods/bts-min.js,uploader/6.2.13/index-min.js,uploader/6.2.13/plugins/auth/auth-min.js,uploader/6.2.13/plugins/filedrop/filedrop-min.js,search-suggest/6.3.1/mods/stat-min.js,uploader/6.2.13/theme-min.js

  phantomjs://platform/console++.js:263 in error
[ERROR - 2017-11-04T09:16:56.987Z] Session [e58cd810-c140-11e7-8e5a-7f70ff07f91f] - page.onError - stack:
  (anonymous function) (https://g.alicdn.com/??kissy/k/6.2.4/seed-min.js,kg/global-util/1.0.5/index-min.js,tb/tracker/4.2.1/p/index/index.js,kg/tb-nav/2.5.1/index-min.js,secdev/sufei_data/3.0.8/index.js:5)

  phantomjs://platform/console++.js:263 in error
[ERROR - 2017-11-04T09:16:56.987Z] Session [e58cd810-c140-11e7-8e5a-7f70ff07f91f] - page.onError - msg: kg/uploader/6.2.13/plugins/auth/auth is not loaded! can not find module in path : https://g.alicdn.com/kg/??combobox/6.2.7/index-min.js,search-suggest/6.3.1/mods/local-query-min.js,search-suggest/6.3.1/mods/menu-min.js,search-suggest/6.3.1/tpl/cloud-min.js,search-suggest/6.3.1/mods/bts-min.js,uploader/6.2.13/index-min.js,uploader/6.2.13/plugins/auth/auth-min.js,uploader/6.2.13/plugins/filedrop/filedrop-min.js,search-suggest/6.3.1/mods/stat-min.js,uploader/6.2.13/theme-min.js

  phantomjs://platform/console++.js:263 in error
[ERROR - 2017-11-04T09:16:56.987Z] Session [e58cd810-c140-11e7-8e5a-7f70ff07f91f] - page.onError - stack:
  (anonymous function) (https://g.alicdn.com/??kissy/k/6.2.4/seed-min.js,kg/global-util/1.0.5/index-min.js,tb/tracker/4.2.1/p/index/index.js,kg/tb-nav/2.5.1/index-min.js,secdev/sufei_data/3.0.8/index.js:5)

  phantomjs://platform/console++.js:263 in error
[ERROR - 2017-11-04T09:16:56.987Z] Session [e58cd810-c140-11e7-8e5a-7f70ff07f91f] - page.onError - msg: kg/uploader/6.2.13/plugins/filedrop/filedrop is not loaded! can not find module in path : https://g.alicdn.com/kg/??combobox/6.2.7/index-min.js,search-suggest/6.3.1/mods/local-query-min.js,search-suggest/6.3.1/mods/menu-min.js,search-suggest/6.3.1/tpl/cloud-min.js,search-suggest/6.3.1/mods/bts-min.js,uploader/6.2.13/index-min.js,uploader/6.2.13/plugins/auth/auth-min.js,uploader/6.2.13/plugins/filedrop/filedrop-min.js,search-suggest/6.3.1/mods/stat-min.js,uploader/6.2.13/theme-min.js

  phantomjs://platform/console++.js:263 in error
[ERROR - 2017-11-04T09:16:56.988Z] Session [e58cd810-c140-11e7-8e5a-7f70ff07f91f] - page.onError - stack:
  (anonymous function) (https://g.alicdn.com/??kissy/k/6.2.4/seed-min.js,kg/global-util/1.0.5/index-min.js,tb/tracker/4.2.1/p/index/index.js,kg/tb-nav/2.5.1/index-min.js,secdev/sufei_data/3.0.8/index.js:5)

  phantomjs://platform/console++.js:263 in error
[ERROR - 2017-11-04T09:16:56.988Z] Session [e58cd810-c140-11e7-8e5a-7f70ff07f91f] - page.onError - msg: kg/search-suggest/6.3.1/mods/stat is not loaded! can not find module in path : https://g.alicdn.com/kg/??combobox/6.2.7/index-min.js,search-suggest/6.3.1/mods/local-query-min.js,search-suggest/6.3.1/mods/menu-min.js,search-suggest/6.3.1/tpl/cloud-min.js,search-suggest/6.3.1/mods/bts-min.js,uploader/6.2.13/index-min.js,uploader/6.2.13/plugins/auth/auth-min.js,uploader/6.2.13/plugins/filedrop/filedrop-min.js,search-suggest/6.3.1/mods/stat-min.js,uploader/6.2.13/theme-min.js

  phantomjs://platform/console++.js:263 in error
[ERROR - 2017-11-04T09:16:56.988Z] Session [e58cd810-c140-11e7-8e5a-7f70ff07f91f] - page.onError - stack:
  (anonymous function) (https://g.alicdn.com/??kissy/k/6.2.4/seed-min.js,kg/global-util/1.0.5/index-min.js,tb/tracker/4.2.1/p/index/index.js,kg/tb-nav/2.5.1/index-min.js,secdev/sufei_data/3.0.8/index.js:5)

  phantomjs://platform/console++.js:263 in error
[ERROR - 2017-11-04T09:16:56.988Z] Session [e58cd810-c140-11e7-8e5a-7f70ff07f91f] - page.onError - msg: kg/uploader/6.2.13/theme is not loaded! can not find module in path : https://g.alicdn.com/kg/??combobox/6.2.7/index-min.js,search-suggest/6.3.1/mods/local-query-min.js,search-suggest/6.3.1/mods/menu-min.js,search-suggest/6.3.1/tpl/cloud-min.js,search-suggest/6.3.1/mods/bts-min.js,uploader/6.2.13/index-min.js,uploader/6.2.13/plugins/auth/auth-min.js,uploader/6.2.13/plugins/filedrop/filedrop-min.js,search-suggest/6.3.1/mods/stat-min.js,uploader/6.2.13/theme-min.js

  phantomjs://platform/console++.js:263 in error
[ERROR - 2017-11-04T09:16:56.989Z] Session [e58cd810-c140-11e7-8e5a-7f70ff07f91f] - page.onError - stack:
  (anonymous function) (https://g.alicdn.com/??kissy/k/6.2.4/seed-min.js,kg/global-util/1.0.5/index-min.js,tb/tracker/4.2.1/p/index/index.js,kg/tb-nav/2.5.1/index-min.js,secdev/sufei_data/3.0.8/index.js:5)

  phantomjs://platform/console++.js:263 in error
[ERROR - 2017-11-04T09:16:57.003Z] Session [e58cd810-c140-11e7-8e5a-7f70ff07f91f] - page.onError - msg: kg/search-suggest/6.3.1/theme/pailitao/index.css is not loaded! can not find module in path : https://g.alicdn.com/kg/??search-suggest/6.3.1/theme/pailitao/index-min.css

  phantomjs://platform/console++.js:263 in error
[ERROR - 2017-11-04T09:16:57.003Z] Session [e58cd810-c140-11e7-8e5a-7f70ff07f91f] - page.onError - stack:
  (anonymous function) (https://g.alicdn.com/??kissy/k/6.2.4/seed-min.js,kg/global-util/1.0.5/index-min.js,tb/tracker/4.2.1/p/index/index.js,kg/tb-nav/2.5.1/index-min.js,secdev/sufei_data/3.0.8/index.js:5)

  phantomjs://platform/console++.js:263 in error
[ERROR - 2017-11-04T09:16:59.102Z] WebElementLocator - _handleLocateCommand - Element(s) NOT Found: GAVE UP. Search Stop Time: 1509787019040

  phantomjs://platform/console++.js:263 in error
